<?xml version="1.0" encoding="UTF-8"?>
<!-- Generated by org.testng.reporters.JUnitReportReporter -->
<testsuite hostname="Abhijeet-PC" failures="0" tests="1" name="automatioexersisetestcases.verifysubscriptioninhomepagetest" time="68.307" errors="0" timestamp="2024-02-16T12:38:03 IST" skipped="0">
  <testcase classname="automatioexersisetestcases.verifysubscriptioninhomepagetest" name="browserlunch" time="68.307"/>
  <system-out/>
</testsuite> <!-- automatioexersisetestcases.verifysubscriptioninhomepagetest -->
