<?xml version="1.0" encoding="UTF-8"?>
<!-- Generated by org.testng.reporters.JUnitReportReporter -->
<testsuite hostname="Abhijeet-PC" failures="0" tests="2" name="automatioexersisetestcases.placeorderregisterwithoutcheckout" time="64.929" errors="0" timestamp="2024-02-18T11:29:51 IST" skipped="0">
  <testcase classname="automatioexersisetestcases.placeorderregisterwithoutcheckout" name="setcontityonproduct" time="13.979"/>
  <system-out/>
  <testcase classname="automatioexersisetestcases.placeorderregisterwithoutcheckout" name="browserlunch" time="50.950"/>
  <system-out/>
</testsuite> <!-- automatioexersisetestcases.placeorderregisterwithoutcheckout -->
