<?xml version="1.0" encoding="UTF-8"?>
<!-- Generated by org.testng.reporters.JUnitReportReporter -->
<testsuite hostname="Abhijeet-PC" failures="0" tests="1" name="automatioexersisetestcases.testcasepagetest" time="28.325" errors="0" timestamp="2024-02-15T12:26:00 IST" skipped="0">
  <testcase classname="automatioexersisetestcases.testcasepagetest" name="browserlunch" time="28.325"/>
  <system-out/>
</testsuite> <!-- automatioexersisetestcases.testcasepagetest -->
