<?xml version="1.0" encoding="UTF-8"?>
<!-- Generated by org.testng.reporters.JUnitReportReporter -->
<testsuite hostname="Abhijeet-PC" failures="0" tests="1" name="roughtest.setnameandemailtest" time="4.423" errors="0" timestamp="2024-02-18T14:38:04 IST" skipped="0">
  <testcase classname="roughtest.setnameandemailtest" name="setnameusername" time="4.423"/>
  <system-out/>
</testsuite> <!-- roughtest.setnameandemailtest -->
