<?xml version="1.0" encoding="UTF-8"?>
<!-- Generated by org.testng.reporters.JUnitReportReporter -->
<testsuite hostname="Abhijeet-PC" failures="0" tests="3" name="automatioexersisetestcases.registeruserpagetest" time="18.490" errors="0" timestamp="2024-02-21T13:46:17 IST" skipped="0">
  <testcase classname="automatioexersisetestcases.registeruserpagetest" name="loginpage" time="1.653"/>
  <system-out/>
  <testcase classname="automatioexersisetestcases.registeruserpagetest" name="signuppages" time="7.782"/>
  <system-out/>
  <testcase classname="automatioexersisetestcases.registeruserpagetest" name="abc" time="9.055"/>
  <system-out/>
</testsuite> <!-- automatioexersisetestcases.registeruserpagetest -->
