<?xml version="1.0" encoding="UTF-8"?>
<!-- Generated by org.testng.reporters.JUnitReportReporter -->
<testsuite hostname="Abhijeet-PC" failures="0" tests="1" name="automatioexersisetestcases.verifyallproductsandproductdetail" time="56.480" errors="0" timestamp="2024-02-16T10:35:34 IST" skipped="0">
  <testcase classname="automatioexersisetestcases.verifyallproductsandproductdetail" name="browserlunch" time="56.480"/>
  <system-out/>
</testsuite> <!-- automatioexersisetestcases.verifyallproductsandproductdetail -->
