<?xml version="1.0" encoding="UTF-8"?>
<!-- Generated by org.testng.reporters.JUnitReportReporter -->
<testsuite hostname="Abhijeet-PC" failures="0" tests="1" name="automatioexersisetestcases.logoutusertest" time="153.051" errors="0" timestamp="2024-02-11T17:30:53 IST" skipped="0">
  <testcase classname="automatioexersisetestcases.logoutusertest" name="logoutusergotologinpage" time="153.051"/>
  <system-out/>
</testsuite> <!-- automatioexersisetestcases.logoutusertest -->
