<?xml version="1.0" encoding="UTF-8"?>
<!-- Generated by org.testng.reporters.JUnitReportReporter -->
<testsuite hostname="Abhijeet-PC" failures="0" tests="1" name="automatioexersisetestcases.registerbeforecheckout" time="137.413" errors="0" timestamp="2024-02-24T13:43:24 IST" skipped="0">
  <testcase classname="automatioexersisetestcases.registerbeforecheckout" name="browserlunch" time="137.413"/>
  <system-out/>
</testsuite> <!-- automatioexersisetestcases.registerbeforecheckout -->
