<?xml version="1.0" encoding="UTF-8"?>
<!-- Generated by org.testng.reporters.JUnitReportReporter -->
<testsuite hostname="Abhijeet-PC" failures="0" tests="2" name="automatioexersisetestcases.Pleaceorderregisterwhilecheckout" time="49.208" errors="0" timestamp="2024-02-22T17:16:47 IST" skipped="0">
  <testcase classname="automatioexersisetestcases.Pleaceorderregisterwhilecheckout" name="registerwhilecheckout" time="21.390"/>
  <system-out/>
  <testcase classname="automatioexersisetestcases.Pleaceorderregisterwhilecheckout" name="setmailandemaill" time="27.818"/>
  <system-out/>
</testsuite> <!-- automatioexersisetestcases.Pleaceorderregisterwhilecheckout -->
