<?xml version="1.0" encoding="UTF-8"?>
<!-- Generated by org.testng.reporters.JUnitReportReporter -->
<testsuite hostname="Abhijeet-PC" failures="0" tests="2" name="automatioexersisetestcases.RegisterUserwithexistingemailtest" time="68.473" errors="0" timestamp="2024-02-15T11:13:13 IST" skipped="0">
  <testcase classname="automatioexersisetestcases.RegisterUserwithexistingemailtest" name="browserlunch" time="54.706"/>
  <system-out/>
  <testcase classname="automatioexersisetestcases.RegisterUserwithexistingemailtest" name="loginwwithexistemal" time="13.767"/>
  <system-out/>
</testsuite> <!-- automatioexersisetestcases.RegisterUserwithexistingemailtest -->
