<?xml version="1.0" encoding="UTF-8"?>
<!-- Generated by org.testng.reporters.JUnitReportReporter -->
<testsuite hostname="Abhijeet-PC" failures="0" tests="1" name="automatioexersisetestcases.contactusformtest" time="17.831" errors="0" timestamp="2024-02-15T12:06:16 IST" skipped="0">
  <testcase classname="automatioexersisetestcases.contactusformtest" name="contactus" time="17.831"/>
  <system-out/>
</testsuite> <!-- automatioexersisetestcases.contactusformtest -->
