<?xml version="1.0" encoding="UTF-8"?>
<!-- Generated by org.testng.reporters.JUnitReportReporter -->
<testsuite hostname="Abhijeet-PC" failures="0" tests="1" name="automatioexersisetestcases.verifysubscriptionincartpagetest" time="95.480" errors="0" timestamp="2024-02-16T15:06:32 IST" skipped="0">
  <testcase classname="automatioexersisetestcases.verifysubscriptionincartpagetest" name="browserlunch" time="95.480"/>
  <system-out/>
</testsuite> <!-- automatioexersisetestcases.verifysubscriptionincartpagetest -->
