<?xml version="1.0" encoding="UTF-8"?>
<!-- Generated by org.testng.reporters.JUnitReportReporter -->
<testsuite hostname="Abhijeet-PC" failures="0" tests="1" name="automatioexersisetestcases.loginwithincorrectusernametest" time="5.399" errors="0" timestamp="2024-02-11T23:56:46 IST" skipped="0">
  <testcase classname="automatioexersisetestcases.loginwithincorrectusernametest" name="loginwithincorrectdata" time="5.399"/>
  <system-out/>
</testsuite> <!-- automatioexersisetestcases.loginwithincorrectusernametest -->
